Arguments: 
  C:\Program Files\nodejs\node.exe C:\Program Files (x86)\Yarn\bin\yarn.js init

PATH: 
  C:\Libraries\ACE_wrappers;C:\Program Files (x86)\Windows Resource Kits\Tools\;C:\Libraries\axis2-1.6.2;C:\Program Files (x86)\NVIDIA Corporation\PhysX\Common;C:\ProgramData\Oracle\Java\javapath;C:\Python27\;C:\Windows\system32;C:\Windows;C:\Windows\System32\Wbem;C:\Windows\System32\WindowsPowerShell\v1.0\;C:\Program Files\Git\cmd;C:\Program Files\TortoiseGit\bin;C:\Program Files\doxygen\bin;C:\Program Files (x86)\Windows Kits\8.1\Windows Performance Toolkit\;C:\Program Files (x86)\Microsoft SDKs\TypeScript\1.0\;C:\Program Files\Microsoft\Web Platform Installer\;C:\Program Files\Java\jdk1.8.0_66\bin;C:\Libraries\ACE_wrappers\bin;C:\Libraries\ACE_wrappers\lib;C:\Libraries\apache-ant-1.9.6\bin;C:\Libraries\omniORB-4.2.2\bin\x86_win32;C:\Libraries\jacorb-3.7\bin;C:\TcDev\dist_dir;C:\cygwin\bin;C;C:\Program Files (x86)\Microsoft ASP.NET\ASP.NET Web Pages\v1.0\;C:\Program Files\Java\jdk1.8.0_66;C:\Program Files\LLVM\bin;C:\Program Files (x86)\Prof-UIS\Include;C:\Program Files (x86)\Prof-UIS\Bin_1200;C:\TcDev\Export;C:\TcDev;C:\TcDev\dist_dir;C:\TcDev;C:\Users\quangl\AppData\Local\Programs\Git\cmd;C:\Libraries\apache-maven-3.3.1\bin;C:\Program Files\Microsoft SQL Server\120\DTS\Binn\;C:\Program Files\Microsoft SQL Server\Client SDK\ODBC\110\Tools\Binn\;C:\Program Files (x86)\Microsoft SQL Server\120\Tools\Binn\;C:\Program Files\Microsoft SQL Server\120\Tools\Binn\;C:\Program Files (x86)\Microsoft SQL Server\120\Tools\Binn\ManagementStudio\;C:\Program Files (x86)\Microsoft SQL Server\120\DTS\Binn\;C:\ProgramData\chocolatey\bin;C:\Program Files\nodejs\;C:\Program Files\Microsoft OLE DB Provider for DB2\system;C:\Go\bin;C:\Program Files (x86)\Yarn\bin\;C:\Users\quangl\scoop\shims;C:\Users\quangl\AppData\Local\.meteor;C:\Users\quangl\AppData\Roaming\npm;C:\Users\quangl\go\bin;C:\Users\quangl\AppData\Local\GitHubDesktop\bin;C:\Program Files (x86)\Microsoft VS Code\bin;C:\Users\quangl\AppData\Local\Yarn\bin

Yarn version: 
  1.7.0

Node version: 
  8.11.1

Platform: 
  win32 x64

Trace: 
  Error: canceled
      at Interface.<anonymous> (C:\Program Files (x86)\Yarn\lib\cli.js:131036:13)
      at emitNone (events.js:106:13)
      at Interface.emit (events.js:208:7)
      at Interface._ttyWrite (readline.js:775:16)
      at ReadStream.onkeypress (readline.js:160:10)
      at emitTwo (events.js:126:13)
      at ReadStream.emit (events.js:214:7)
      at emitKeys (internal/readline.js:420:14)
      at emitKeys.next (<anonymous>)
      at ReadStream.onData (readline.js:1011:36)

npm manifest: 
  No manifest

yarn manifest: 
  No manifest

Lockfile: 
  No lockfile
